  6_Main.c
c:\users\cao\desktop\2.0\学生管理系统 2.0\6_main.c(14): warning C4013: “show1”未定义；假设外部返回 int
c:\users\cao\desktop\2.0\学生管理系统 2.0\6_main.c(15): warning C4013: “yanse”未定义；假设外部返回 int
c:\users\cao\desktop\2.0\学生管理系统 2.0\6_main.c(16): warning C4013: “startup”未定义；假设外部返回 int
c:\users\cao\desktop\2.0\学生管理系统 2.0\6_main.c(16): warning C4047: “=”:“student *”与“int”的间接级别不同
c:\users\cao\desktop\2.0\学生管理系统 2.0\6_main.c(17): warning C4013: “save_3”未定义；假设外部返回 int
c:\users\cao\desktop\2.0\学生管理系统 2.0\6_main.c(21): warning C4013: “show3”未定义；假设外部返回 int
c:\users\cao\desktop\2.0\学生管理系统 2.0\6_main.c(26): warning C4013: “increase”未定义；假设外部返回 int
c:\users\cao\desktop\2.0\学生管理系统 2.0\6_main.c(27): warning C4013: “strike_out”未定义；假设外部返回 int
c:\users\cao\desktop\2.0\学生管理系统 2.0\6_main.c(28): warning C4013: “chang”未定义；假设外部返回 int
c:\users\cao\desktop\2.0\学生管理系统 2.0\6_main.c(29): warning C4013: “inquiry”未定义；假设外部返回 int
c:\users\cao\desktop\2.0\学生管理系统 2.0\6_main.c(31): warning C4013: “output”未定义；假设外部返回 int
c:\users\cao\desktop\2.0\学生管理系统 2.0\6_main.c(32): warning C4013: “finput”未定义；假设外部返回 int
c:\users\cao\desktop\2.0\学生管理系统 2.0\6_main.c(32): warning C4047: “=”:“student *”与“int”的间接级别不同
c:\users\cao\desktop\2.0\学生管理系统 2.0\6_main.c(35): warning C4013: “save”未定义；假设外部返回 int
c:\users\cao\desktop\2.0\学生管理系统 2.0\6_main.c(36): warning C4047: “=”:“student *”与“int”的间接级别不同
c:\users\cao\desktop\2.0\学生管理系统 2.0\6_main.c(23): warning C4996: 'scanf': This function or variable may be unsafe. Consider using scanf_s instead. To disable deprecation, use _CRT_SECURE_NO_WARNINGS. See online help for details.
  c:\program files (x86)\windows kits\10\include\10.0.14393.0\ucrt\stdio.h(1269): note: 参见“scanf”的声明
c:\users\cao\desktop\2.0\学生管理系统 2.0\6_main.c(41): warning C4996: 'getch': The POSIX name for this item is deprecated. Instead, use the ISO C and C++ conformant name: _getch. See online help for details.
  c:\program files (x86)\windows kits\10\include\10.0.14393.0\ucrt\conio.h(452): note: 参见“getch”的声明
  1_Login.c
c:\users\cao\desktop\2.0\学生管理系统 2.0\1_login.c(41): warning C4996: 'getch': The POSIX name for this item is deprecated. Instead, use the ISO C and C++ conformant name: _getch. See online help for details.
  c:\program files (x86)\windows kits\10\include\10.0.14393.0\ucrt\conio.h(452): note: 参见“getch”的声明
c:\users\cao\desktop\2.0\学生管理系统 2.0\1_login.c(43): warning C4474: printf: 格式字符串中传递的参数太多
  c:\users\cao\desktop\2.0\学生管理系统 2.0\1_login.c(43): note: 占位符和其参数预计 0 可变参数，但提供的却是 1 参数
c:\users\cao\desktop\2.0\学生管理系统 2.0\1_login.c(16): warning C4101: “t”: 未引用的局部变量
  正在生成代码...
  Student information management system.vcxproj -> C:\Users\CAO\Desktop\课程设计\Student information management system\Debug\Student information management system.exe
  Student information management system.vcxproj -> C:\Users\CAO\Desktop\课程设计\Student information management system\Debug\Student information management system.pdb (Partial PDB)
